Determining if the pthread_create exist failed with the following output:
Change Dir: /home/pi/indi/3rdparty/indi-picamera/build/CMakeFiles/CMakeTmp

Run Build Command:"/usr/bin/make" "cmTC_b6227/fast"
/usr/bin/make -f CMakeFiles/cmTC_b6227.dir/build.make CMakeFiles/cmTC_b6227.dir/build
make[1]: Entering directory '/home/pi/indi/3rdparty/indi-picamera/build/CMakeFiles/CMakeTmp'
Building C object CMakeFiles/cmTC_b6227.dir/CheckSymbolExists.c.o
/usr/bin/cc     -o CMakeFiles/cmTC_b6227.dir/CheckSymbolExists.c.o   -c /home/pi/indi/3rdparty/indi-picamera/build/CMakeFiles/CMakeTmp/CheckSymbolExists.c
Linking C executable cmTC_b6227
/usr/bin/cmake -E cmake_link_script CMakeFiles/cmTC_b6227.dir/link.txt --verbose=1
/usr/bin/cc       CMakeFiles/cmTC_b6227.dir/CheckSymbolExists.c.o  -o cmTC_b6227 -rdynamic 
CMakeFiles/cmTC_b6227.dir/CheckSymbolExists.c.o: In function `main':
CheckSymbolExists.c:(.text+0x38): undefined reference to `pthread_create'
collect2: error: ld returned 1 exit status
CMakeFiles/cmTC_b6227.dir/build.make:97: recipe for target 'cmTC_b6227' failed
make[1]: *** [cmTC_b6227] Error 1
make[1]: Leaving directory '/home/pi/indi/3rdparty/indi-picamera/build/CMakeFiles/CMakeTmp'
Makefile:126: recipe for target 'cmTC_b6227/fast' failed
make: *** [cmTC_b6227/fast] Error 2

File /home/pi/indi/3rdparty/indi-picamera/build/CMakeFiles/CMakeTmp/CheckSymbolExists.c:
/* */
#include <pthread.h>

int main(int argc, char** argv)
{
  (void)argv;
#ifndef pthread_create
  return ((int*)(&pthread_create))[argc];
#else
  (void)argc;
  return 0;
#endif
}

Determining if the function pthread_create exists in the pthreads failed with the following output:
Change Dir: /home/pi/indi/3rdparty/indi-picamera/build/CMakeFiles/CMakeTmp

Run Build Command:"/usr/bin/make" "cmTC_7f50b/fast"
/usr/bin/make -f CMakeFiles/cmTC_7f50b.dir/build.make CMakeFiles/cmTC_7f50b.dir/build
make[1]: Entering directory '/home/pi/indi/3rdparty/indi-picamera/build/CMakeFiles/CMakeTmp'
Building C object CMakeFiles/cmTC_7f50b.dir/CheckFunctionExists.c.o
/usr/bin/cc    -DCHECK_FUNCTION_EXISTS=pthread_create   -o CMakeFiles/cmTC_7f50b.dir/CheckFunctionExists.c.o   -c /usr/share/cmake-3.7/Modules/CheckFunctionExists.c
Linking C executable cmTC_7f50b
/usr/bin/cmake -E cmake_link_script CMakeFiles/cmTC_7f50b.dir/link.txt --verbose=1
/usr/bin/cc   -DCHECK_FUNCTION_EXISTS=pthread_create    CMakeFiles/cmTC_7f50b.dir/CheckFunctionExists.c.o  -o cmTC_7f50b -rdynamic -lpthreads 
/usr/bin/ld: cannot find -lpthreads
collect2: error: ld returned 1 exit status
CMakeFiles/cmTC_7f50b.dir/build.make:97: recipe for target 'cmTC_7f50b' failed
make[1]: *** [cmTC_7f50b] Error 1
make[1]: Leaving directory '/home/pi/indi/3rdparty/indi-picamera/build/CMakeFiles/CMakeTmp'
Makefile:126: recipe for target 'cmTC_7f50b/fast' failed
make: *** [cmTC_7f50b/fast] Error 2


